<?xml version="1.0" encoding="UTF-8"?>
<!-- Generated by org.testng.reporters.JUnitReportReporter -->
<testsuite skipped="0" hostname="DESKTOP-O544DRQ" name="com.ig.scripts.TC_001_LoginTest" tests="1" failures="0" timestamp="2021-12-21T20:41:48 IST" time="5.741" errors="0">
  <testcase name="loginMethod" time="5.741" classname="com.ig.scripts.TC_001_LoginTest"/>
  <system-out/>
</testsuite> <!-- com.ig.scripts.TC_001_LoginTest -->
