<?xml version="1.0" encoding="UTF-8"?>
<!-- Generated by org.testng.reporters.JUnitReportReporter -->
<testsuite skipped="0" hostname="DESKTOP-O544DRQ" name="com.ig.scripts.TC_003_SearchTShirt" tests="1" failures="0" timestamp="2021-12-18T21:59:51 IST" time="20.509" errors="0">
  <testcase name="SearchTShirtMethod" time="20.509" classname="com.ig.scripts.TC_003_SearchTShirt"/>
  <system-out/>
</testsuite> <!-- com.ig.scripts.TC_003_SearchTShirt -->
